Тест без ошибок 
Тест без ошибок 
-----протокол----18.12.2024 18:40:09 ----
 ----параметры---- 
-log: In.txt.log
-out: In.txt.out
-in : In.txt
Исходные данные
Количество символов : 112
Количество строк    : 15
Проигнорировано     : 0

--—- Представления кода в виде лексем ——-- 

02 fti|1|(ti|2|,ti|3|)
03 {
04 i|4|1n;
05 ri|5|;
06 };
08 m
09 {
10 ti|5|=n;
11 i|7|=n;
12 i|8|=n;
14 rn;
15 };
--—------------------------------------------- Идентификаторы ---------------------------------------——-----------------
|  Номер  |    id    | Тип данных |     Тип     | Связь (Номер Лексема Строка) |Видимость  | Значение ? 
-------------------------------------------------------------------------------------------------------------------------
|       1 |       fi |        int |     функция |         3        i        2  | 
|       2 |        x |        int |    параметр |         6        i        2  | 
|       3 |        y |        int |    параметр |         9        i        2  | 
|       4 |        2 |        int |     литерал |        14        n        4  | 2 
|       5 |    kazan |        int |  переменная |        24        i       10  | 
|       6 |        2 |        int |     литерал |        26        n       10  | 2 
|       7 |        3 |        int |     литерал |        30        n       11  | 3 
|       8 |        3 |        int |     литерал |        34        n       12  | 3 
|       9 |        0 |        int |     литерал |        37        n       14  | 0 
---------------------------------------------------------------------------------------------------------

----------правила-----------
0   : S->fti(F){NrE;};S   
4   : F->ti,F             
7   : F->ti               
11  : N->iM;              
12  : M->1E               
13  : E->n                
16  : E->i                
20  : S->m{NrE;};S        
22  : N->ti=B;N           
25  : B->n                
27  : N->i=B;N            
29  : B->n                
31  : N->i=B;             
33  : B->n                
36  : E->n                

--—- Представления кода в виде лексем ——-- 

20 fti|1|(ti|2|,ti|3|)
30 {
40 i|4|1n;
50 ri|5|;
60 };
80 m
90 {
10 ti|5|=n;
11 i|7|=n;
12 i|8|=n;
14 rn;
15 };
--—------------------------------------------- Идентификаторы ---------------------------------------——-----------------
|  Номер  |    id    | Тип данных |     Тип     | Связь (Номер Лексема Строка) |Видимость  | Значение ? 
-------------------------------------------------------------------------------------------------------------------------
|       1 |       fi |        int |     функция |         3        i        2  | 
|       2 |        x |        int |    параметр |         6        i        2  | 
|       3 |        y |        int |    параметр |         9        i        2  | 
|       4 |        2 |        int |     литерал |        14        n        4  | 2 
|       5 |    kazan |        int |  переменная |        24        i       10  | 
|       6 |        2 |        int |     литерал |        26        n       10  | 2 
|       7 |        3 |        int |     литерал |        30        n       11  | 3 
|       8 |        3 |        int |     литерал |        34        n       12  | 3 
|       9 |        0 |        int |     литерал |        37        n       14  | 0 
---------------------------------------------------------------------------------------------------------
