.586
.model flat, stdcall
includelib libucrt.lib
includelib kernel32.lib
includelib ../Debug/MAA2024-L.lib
ExitProcess PROTO :DWORD

EXTRN ruslang: proc
EXTRN writeInt: proc
EXTRN showInt: proc
EXTRN today: proc
EXTRN showtime: proc

.stack 4096

.const
	NewVar2 BYTE 2
	NewVar2 BYTE 2
	NewVar3 BYTE 3
	NewVar3 BYTE 3
	NewVar0 BYTE 0

.data
	buffer BYTE 256 dup(0)
	kazan BYTE 0

.code

fi PROC , x : BYTE
	pop ebx 
	pop eax 
	mov cl, bl
	shr eax, cl
	push eax
	push 2
	jmp local0
	push 	jmp local0
local0:
	pop eax
	ret
fi ENDP

main PROC
	pop fi
	push 		jmp theend
	pop fi
	push 		jmp theend
	pop fi
	push 		jmp theend
	push 0
		jmp theend
theend:
	call ExitProcess
main ENDP
end main