Тест без ошибок 
Тест без ошибок 
-----протокол----15.12.2024 18:30:46 ----
 ----параметры---- 
-log: In.txt.log
-out: In.txt.out
-in : In.txt
Исходные данные
Количество символов : 154
Количество строк    : 20
Проигнорировано     : 0

—--- Представление кода в виде лексем —--- 

01 jy
02 fti|4|(ti|7|,ti|10|)
03 {
04 ti|14|;
05 ri|17|;
06 };
08 m
09 {
10 ti|24|;
11 i|26|=i|28|vn|30|;
12 i|32|=i|34|vn|36|;
13 u(n|40|)
14 {
15 ti|44|;
16 };
17 ri|49|;
18 };
—--- Идентификаторы —--- 
Номер	id	Тип данных	Тип	Связь с лексемой			Значение?
01 fi str func 4 i 2 
02 a str param 7 i 2 
03 b str param 10 i 2 
04 kazan str variable 14 i 4 
05 x str variable 17 i 5 
06 x str variable 24 i 10 
07 x str variable 26 i 11 
08 x str variable 28 i 11 
09 1 int lexem 30 n 11 
10 x str variable 32 i 12 
11 x str variable 34 i 12 
12 2 int lexem 36 n 12 
13 3 int param 40 n 13 
14 kazan str variable 44 i 15 
15 x str variable 49 i 17 

----------Правила-----------
0000: 
0000: S->jyS
2000: S->fti(F){NrE;};S
6000: F->ti,F
9000: F->ti
1300: N->ti;
1700: E->i
2100: S->m{NrE;};S
2300: N->ti;N
2600: N->i=E;N
2800: E->iM
2900: M->vE
3000: E->n
3200: N->i=E;N
3400: E->iM
3500: M->vE
3600: E->n
3800: N->u(K){N};
2000: 
0000: S->jyS
2000: S->fti(F){NrE;};S
6000: F->ti,F
9000: F->ti
1300: N->ti;
1700: E->i
2100: S->m{NrE;};S
2300: N->ti;N
2600: N->i=E;N
2800: E->iM
2900: M->vE
3000: E->n
3200: N->i=E;N
3400: E->iM
3500: M->vE
3600: E->n
3800: N->u(K){N};
6000: 
0000: S->jyS
2000: S->fti(F){NrE;};S
6000: F->ti,F
9000: F->ti
1300: N->ti;
1700: E->i
2100: S->m{NrE;};S
2300: N->ti;N
2600: N->i=E;N
2800: E->iM
2900: M->vE
3000: E->n
3200: N->i=E;N
3400: E->iM
3500: M->vE
3600: E->n
3800: N->u(K){N};
9000: 
0000: S->jyS
2000: S->fti(F){NrE;};S
6000: F->ti,F
9000: F->ti
1300: N->ti;
1700: E->i
2100: S->m{NrE;};S
2300: N->ti;N
2600: N->i=E;N
2800: E->iM
2900: M->vE
3000: E->n
3200: N->i=E;N
3400: E->iM
3500: M->vE
3600: E->n
3800: N->u(K){N};
1300: 
0000: S->jyS
2000: S->fti(F){NrE;};S
6000: F->ti,F
9000: F->ti
1300: N->ti;
1700: E->i
2100: S->m{NrE;};S
2300: N->ti;N
2600: N->i=E;N
2800: E->iM
2900: M->vE
3000: E->n
3200: N->i=E;N
3400: E->iM
3500: M->vE
3600: E->n
3800: N->u(K){N};
1700: 
0000: S->jyS
2000: S->fti(F){NrE;};S
6000: F->ti,F
9000: F->ti
1300: N->ti;
1700: E->i
2100: S->m{NrE;};S
2300: N->ti;N
2600: N->i=E;N
2800: E->iM
2900: M->vE
3000: E->n
3200: N->i=E;N
3400: E->iM
3500: M->vE
3600: E->n
3800: N->u(K){N};
2100: 
0000: S->jyS
2000: S->fti(F){NrE;};S
6000: F->ti,F
9000: F->ti
1300: N->ti;
1700: E->i
2100: S->m{NrE;};S
2300: N->ti;N
2600: N->i=E;N
2800: E->iM
2900: M->vE
3000: E->n
3200: N->i=E;N
3400: E->iM
3500: M->vE
3600: E->n
3800: N->u(K){N};
2300: 
0000: S->jyS
2000: S->fti(F){NrE;};S
6000: F->ti,F
9000: F->ti
1300: N->ti;
1700: E->i
2100: S->m{NrE;};S
2300: N->ti;N
2600: N->i=E;N
2800: E->iM
2900: M->vE
3000: E->n
3200: N->i=E;N
3400: E->iM
3500: M->vE
3600: E->n
3800: N->u(K){N};
2600: 
0000: S->jyS
2000: S->fti(F){NrE;};S
6000: F->ti,F
9000: F->ti
1300: N->ti;
1700: E->i
2100: S->m{NrE;};S
2300: N->ti;N
2600: N->i=E;N
2800: E->iM
2900: M->vE
3000: E->n
3200: N->i=E;N
3400: E->iM
3500: M->vE
3600: E->n
3800: N->u(K){N};
2800: 
0000: S->jyS
2000: S->fti(F){NrE;};S
6000: F->ti,F
9000: F->ti
1300: N->ti;
1700: E->i
2100: S->m{NrE;};S
2300: N->ti;N
2600: N->i=E;N
2800: E->iM
2900: M->vE
3000: E->n
3200: N->i=E;N
3400: E->iM
3500: M->vE
3600: E->n
3800: N->u(K){N};
2900: 
0000: S->jyS
2000: S->fti(F){NrE;};S
6000: F->ti,F
9000: F->ti
1300: N->ti;
1700: E->i
2100: S->m{NrE;};S
2300: N->ti;N
2600: N->i=E;N
2800: E->iM
2900: M->vE
3000: E->n
3200: N->i=E;N
3400: E->iM
3500: M->vE
3600: E->n
3800: N->u(K){N};
3000: 
0000: S->jyS
2000: S->fti(F){NrE;};S
6000: F->ti,F
9000: F->ti
1300: N->ti;
1700: E->i
2100: S->m{NrE;};S
2300: N->ti;N
2600: N->i=E;N
2800: E->iM
2900: M->vE
3000: E->n
3200: N->i=E;N
3400: E->iM
3500: M->vE
3600: E->n
3800: N->u(K){N};
3200: 
0000: S->jyS
2000: S->fti(F){NrE;};S
6000: F->ti,F
9000: F->ti
1300: N->ti;
1700: E->i
2100: S->m{NrE;};S
2300: N->ti;N
2600: N->i=E;N
2800: E->iM
2900: M->vE
3000: E->n
3200: N->i=E;N
3400: E->iM
3500: M->vE
3600: E->n
3800: N->u(K){N};
3400: 
0000: S->jyS
2000: S->fti(F){NrE;};S
6000: F->ti,F
9000: F->ti
1300: N->ti;
1700: E->i
2100: S->m{NrE;};S
2300: N->ti;N
2600: N->i=E;N
2800: E->iM
2900: M->vE
3000: E->n
3200: N->i=E;N
3400: E->iM
3500: M->vE
3600: E->n
3800: N->u(K){N};
3500: 
0000: S->jyS
2000: S->fti(F){NrE;};S
6000: F->ti,F
9000: F->ti
1300: N->ti;
1700: E->i
2100: S->m{NrE;};S
2300: N->ti;N
2600: N->i=E;N
2800: E->iM
2900: M->vE
3000: E->n
3200: N->i=E;N
3400: E->iM
3500: M->vE
3600: E->n
3800: N->u(K){N};
3600: 
0000: S->jyS
2000: S->fti(F){NrE;};S
6000: F->ti,F
9000: F->ti
1300: N->ti;
1700: E->i
2100: S->m{NrE;};S
2300: N->ti;N
2600: N->i=E;N
2800: E->iM
2900: M->vE
3000: E->n
3200: N->i=E;N
3400: E->iM
3500: M->vE
3600: E->n
3800: N->u(K){N};
3800: 
0000: S->jyS
2000: S->fti(F){NrE;};S
6000: F->ti,F
9000: F->ti
1300: N->ti;
1700: E->i
2100: S->m{NrE;};S
2300: N->ti;N
2600: N->i=E;N
2800: E->iM
2900: M->vE
3000: E->n
3200: N->i=E;N
3400: E->iM
3500: M->vE
3600: E->n
3800: N->u(K){N};
