Сборка начата 11.12.2024 21:56:57.
Уровень детализации журнала: Normal.     1>Проект "D:\3 СЕМЕСТР\КПО\лаб 18\Lab18\Lab18\Lab18.vcxproj" в узле 2 (целевые объекты Build).
     1>InitializeBuildStatus:
         Обращение к "x64\Debug\Lab18.tlog\unsuccessfulbuild".
       ClCompile:
         D:\VS\VC\Tools\MSVC\14.37.32822\bin\HostX64\x64\CL.exe /c /ZI /JMC /nologo /W3 /WX- /diagnostics:column /sdl /Od /D _DEBUG /D _CONSOLE /D _UNICODE /D UNICODE /Gm- /EHsc /RTC1 /MDd /GS /fp:precise /Zc:wchar_t /Zc:forScope /Zc:inline /permissive- /Fo"x64\Debug\\" /Fd"x64\Debug\vc143.pdb" /external:W3 /Gd /TP /FC /errorReport:prompt Error.cpp FST.cpp GRB.cpp In.cpp IT.cpp Log.cpp LT.cpp MFST.cpp Out.cpp Parm.cpp SE_Lab14.cpp
         Error.cpp
         FST.cpp
     1>D:\3 СЕМЕСТР\КПО\лаб 18\Lab18\Lab18\FST.cpp(80,23): warning C4267: инициализация: преобразование из "size_t" в "short"; возможна потеря данных
     1>D:\3 СЕМЕСТР\КПО\лаб 18\Lab18\Lab18\FST.cpp(365,34): warning C4267: =: преобразование из "size_t" в "int"; возможна потеря данных
     1>D:\3 СЕМЕСТР\КПО\лаб 18\Lab18\Lab18\FST.cpp(398,17): warning C4311: приведение типов: усечение указателя из "char *" в "int"
     1>D:\3 СЕМЕСТР\КПО\лаб 18\Lab18\Lab18\FST.cpp(398,17): warning C4302: приведение типов: усечение из "char *" к "int"
     1>D:\3 СЕМЕСТР\КПО\лаб 18\Lab18\Lab18\FST.cpp(539,34): warning C4267: =: преобразование из "size_t" в "int"; возможна потеря данных
     1>D:\3 СЕМЕСТР\КПО\лаб 18\Lab18\Lab18\FST.cpp(536,30): warning C4390: ";": обнаружен пустой контролируемый оператор; это правильно?
         GRB.cpp
         In.cpp
         IT.cpp
         Log.cpp
         LT.cpp
         MFST.cpp
     1>D:\3 СЕМЕСТР\КПО\лаб 18\Lab18\Lab18\MFST.cpp(254,76): warning C4267: =: преобразование из "size_t" в "short"; возможна потеря данных
         Out.cpp
         Parm.cpp
     1>D:\3 СЕМЕСТР\КПО\лаб 18\Lab18\Lab18\Parm.cpp(9,11): warning C4101: wst: неиспользованная локальная переменная
         SE_Lab14.cpp
         Создание кода...
       Link:
         D:\VS\VC\Tools\MSVC\14.37.32822\bin\HostX64\x64\link.exe /ERRORREPORT:PROMPT /OUT:"D:\3 СЕМЕСТР\КПО\лаб 18\Lab18\x64\Debug\Lab18.exe" /INCREMENTAL /ILK:"x64\Debug\Lab18.ilk" /NOLOGO kernel32.lib user32.lib gdi32.lib winspool.lib comdlg32.lib advapi32.lib shell32.lib ole32.lib oleaut32.lib uuid.lib odbc32.lib odbccp32.lib /MANIFEST /MANIFESTUAC:"level='asInvoker' uiAccess='false'" /manifest:embed /DEBUG /PDB:"D:\3 СЕМЕСТР\КПО\лаб 18\Lab18\x64\Debug\Lab18.pdb" /SUBSYSTEM:CONSOLE /TLBID:1 /DYNAMICBASE /NXCOMPAT /IMPLIB:"D:\3 СЕМЕСТР\КПО\лаб 18\Lab18\x64\Debug\Lab18.lib" /MACHINE:X64 x64\Debug\Error.obj
         x64\Debug\FST.obj
         x64\Debug\GRB.obj
         x64\Debug\In.obj
         x64\Debug\IT.obj
         x64\Debug\Log.obj
         x64\Debug\LT.obj
         x64\Debug\MFST.obj
         x64\Debug\Out.obj
         x64\Debug\Parm.obj
         x64\Debug\SE_Lab14.obj
         Lab18.vcxproj -> D:\3 СЕМЕСТР\КПО\лаб 18\Lab18\x64\Debug\Lab18.exe
       FinalizeBuildStatus:
         Файл "x64\Debug\Lab18.tlog\unsuccessfulbuild" удаляется.
         Обращение к "x64\Debug\Lab18.tlog\Lab18.lastbuildstate".
     1>Сборка проекта "D:\3 СЕМЕСТР\КПО\лаб 18\Lab18\Lab18\Lab18.vcxproj" завершена (целевые объекты Build).

Сборка успешно завершена.

       "D:\3 СЕМЕСТР\КПО\лаб 18\Lab18\Lab18\Lab18.vcxproj" (целевой объект Build ) (1) ->
       (Целевой объект ClCompile) -> 
         D:\3 СЕМЕСТР\КПО\лаб 18\Lab18\Lab18\FST.cpp(80,23): warning C4267: инициализация: преобразование из "size_t" в "short"; возможна потеря данных
         D:\3 СЕМЕСТР\КПО\лаб 18\Lab18\Lab18\FST.cpp(365,34): warning C4267: =: преобразование из "size_t" в "int"; возможна потеря данных
         D:\3 СЕМЕСТР\КПО\лаб 18\Lab18\Lab18\FST.cpp(398,17): warning C4311: приведение типов: усечение указателя из "char *" в "int"
         D:\3 СЕМЕСТР\КПО\лаб 18\Lab18\Lab18\FST.cpp(398,17): warning C4302: приведение типов: усечение из "char *" к "int"
         D:\3 СЕМЕСТР\КПО\лаб 18\Lab18\Lab18\FST.cpp(539,34): warning C4267: =: преобразование из "size_t" в "int"; возможна потеря данных
         D:\3 СЕМЕСТР\КПО\лаб 18\Lab18\Lab18\FST.cpp(536,30): warning C4390: ";": обнаружен пустой контролируемый оператор; это правильно?
         D:\3 СЕМЕСТР\КПО\лаб 18\Lab18\Lab18\MFST.cpp(254,76): warning C4267: =: преобразование из "size_t" в "short"; возможна потеря данных
         D:\3 СЕМЕСТР\КПО\лаб 18\Lab18\Lab18\Parm.cpp(9,11): warning C4101: wst: неиспользованная локальная переменная

    Предупреждений: 8
    Ошибок: 0

Прошло времени 00:00:05.96
